// Refactor monitoring service architecture – 2026-03-20 15:00:00
// Improve passive network monitoring accuracy – 2026-03-20 15:00:00
// Optimize network stats aggregation – 2026-03-20 15:00:00
// Optimize network stats aggregation – 2026-03-20 15:00:00
// Improve packet inspection summaries – 2026-03-20 15:00:00
// Enhance device visibility detection – 2026-03-21 15:00:00
// Enhance device visibility detection – 2026-03-21 15:00:00
// Refactor monitoring service architecture – 2026-03-21 15:00:00
// Refactor monitoring service architecture – 2026-03-21 15:00:00
// Refactor monitoring service architecture – 2026-03-21 15:00:00
// Optimize network stats aggregation – 2026-03-21 15:00:00
// Enhance device visibility detection – 2026-03-21 15:00:00
// Improve packet inspection summaries – 2026-03-21 15:00:00
// Refactor monitoring service architecture – 2026-03-21 15:00:00
// Refactor monitoring service architecture – 2026-03-21 15:00:00
// Enhance device visibility detection – 2026-03-21 15:00:00
// Improve passive network monitoring accuracy – 2026-03-21 15:00:00
// Improve packet inspection summaries – 2026-03-22 15:00:00
// Optimize network stats aggregation – 2026-03-22 15:00:00
// Optimize network stats aggregation – 2026-03-22 15:00:00
// Enhance device visibility detection – 2026-03-22 15:00:00
// Improve packet inspection summaries – 2026-03-22 15:00:00
// Improve passive network monitoring accuracy – 2026-03-22 15:00:00
// Refactor monitoring service architecture – 2026-03-23 15:00:00
// Enhance device visibility detection – 2026-03-23 15:00:00
// Refactor monitoring service architecture – 2026-03-23 15:00:00
// Optimize network stats aggregation – 2026-03-23 15:00:00
// Enhance device visibility detection – 2026-03-23 15:00:00
// Enhance device visibility detection – 2026-03-23 15:00:00
// Improve packet inspection summaries – 2026-03-23 15:00:00
// Enhance device visibility detection – 2026-03-23 15:00:00
// Improve passive network monitoring accuracy – 2026-03-23 15:00:00
// Refactor monitoring service architecture – 2026-03-23 15:00:00
// Refactor monitoring service architecture – 2026-03-23 15:00:00
// Improve passive network monitoring accuracy – 2026-03-23 15:00:00
// Improve passive network monitoring accuracy – 2026-03-23 15:00:00
// Improve packet inspection summaries – 2026-03-24 15:00:00
// Improve passive network monitoring accuracy – 2026-03-24 15:00:00
// Improve passive network monitoring accuracy – 2026-03-24 15:00:00
// Enhance device visibility detection – 2026-03-25 15:00:00
// Optimize network stats aggregation – 2026-03-25 15:00:00
// Improve packet inspection summaries – 2026-03-25 15:00:00
// Improve packet inspection summaries – 2026-03-25 15:00:00
// Enhance device visibility detection – 2026-03-25 15:00:00
// Improve passive network monitoring accuracy – 2026-03-26 15:00:00
// Refactor monitoring service architecture – 2026-03-26 15:00:00
// Enhance device visibility detection – 2026-03-26 15:00:00
// Improve passive network monitoring accuracy – 2026-03-26 15:00:00
// Improve packet inspection summaries – 2026-03-27 15:00:00
// Refactor monitoring service architecture – 2026-03-27 15:00:00
// Optimize network stats aggregation – 2026-03-27 15:00:00
// Enhance device visibility detection – 2026-03-28 15:00:00
// Enhance device visibility detection – 2026-03-28 15:00:00
// Improve passive network monitoring accuracy – 2026-03-28 15:00:00
// Improve passive network monitoring accuracy – 2026-03-28 15:00:00
// Improve packet inspection summaries – 2026-03-28 15:00:00
// Improve passive network monitoring accuracy – 2026-03-29 15:00:00
// Improve passive network monitoring accuracy – 2026-03-29 15:00:00
// Refactor monitoring service architecture – 2026-03-29 15:00:00
// Refactor monitoring service architecture – 2026-03-29 15:00:00
// Improve passive network monitoring accuracy – 2026-03-29 15:00:00
// Enhance device visibility detection – 2026-03-29 15:00:00
// Improve packet inspection summaries – 2026-03-30 15:00:00
// Optimize network stats aggregation – 2026-03-30 15:00:00
// Improve packet inspection summaries – 2026-03-30 15:00:00
// Refactor monitoring service architecture – 2026-03-30 15:00:00
// Enhance device visibility detection – 2026-03-30 15:00:00
// Optimize network stats aggregation – 2026-03-31 15:00:00
// Refactor monitoring service architecture – 2026-03-31 15:00:00
// Improve packet inspection summaries – 2026-03-31 15:00:00
// Enhance device visibility detection – 2026-03-31 15:00:00
// Enhance device visibility detection – 2026-03-31 15:00:00
// Refactor monitoring service architecture – 2026-04-01 15:00:00
// Enhance device visibility detection – 2026-04-01 15:00:00
// Improve passive network monitoring accuracy – 2026-04-01 15:00:00
// Enhance device visibility detection – 2026-04-01 15:00:00
// Optimize network stats aggregation – 2026-04-01 15:00:00
// Enhance device visibility detection – 2026-04-02 15:00:00
// Improve packet inspection summaries – 2026-04-02 15:00:00
// Optimize network stats aggregation – 2026-04-02 15:00:00
// Optimize network stats aggregation – 2026-04-02 15:00:00
// Enhance device visibility detection – 2026-04-02 15:00:00
// Enhance device visibility detection – 2026-04-02 15:00:00
// Improve passive network monitoring accuracy – 2026-04-02 15:00:00
// Improve passive network monitoring accuracy – 2026-04-02 15:00:00
// Enhance device visibility detection – 2026-04-02 15:00:00
// Enhance device visibility detection – 2026-04-02 15:00:00
// Refactor monitoring service architecture – 2026-04-02 15:00:00
// Enhance device visibility detection – 2026-04-02 15:00:00
// Improve passive network monitoring accuracy – 2026-04-02 15:00:00
// Improve passive network monitoring accuracy – 2026-04-02 15:00:00
// Optimize network stats aggregation – 2026-04-03 15:00:00
// Improve passive network monitoring accuracy – 2026-04-03 15:00:00
// Improve packet inspection summaries – 2026-04-03 15:00:00
// Improve passive network monitoring accuracy – 2026-04-03 15:00:00
// Refactor monitoring service architecture – 2026-04-03 15:00:00
// Improve passive network monitoring accuracy – 2026-04-03 15:00:00
// Improve passive network monitoring accuracy – 2026-04-03 15:00:00
